TN:
SF:server.js
FN:29,(anonymous_0)
FN:30,(anonymous_1)
FN:45,(anonymous_2)
FN:48,(anonymous_3)
FN:57,(anonymous_4)
FN:74,(anonymous_5)
FN:103,(anonymous_6)
FN:117,(anonymous_7)
FN:141,(anonymous_8)
FN:146,(anonymous_9)
FN:158,(anonymous_10)
FN:163,(anonymous_11)
FNF:12
FNH:1
FNDA:0,(anonymous_0)
FNDA:0,(anonymous_1)
FNDA:0,(anonymous_2)
FNDA:0,(anonymous_3)
FNDA:2,(anonymous_4)
FNDA:0,(anonymous_5)
FNDA:0,(anonymous_6)
FNDA:0,(anonymous_7)
FNDA:0,(anonymous_8)
FNDA:0,(anonymous_9)
FNDA:0,(anonymous_10)
FNDA:0,(anonymous_11)
DA:12,2
DA:15,2
DA:16,2
DA:19,2
DA:20,2
DA:23,2
DA:24,2
DA:25,2
DA:28,2
DA:29,0
DA:30,0
DA:33,2
DA:41,2
DA:44,2
DA:46,0
DA:49,0
DA:50,0
DA:54,2
DA:57,2
DA:58,2
DA:59,2
DA:61,0
DA:66,2
DA:69,2
DA:74,2
DA:75,0
DA:76,0
DA:79,0
DA:87,0
DA:89,0
DA:94,0
DA:95,0
DA:103,2
DA:104,0
DA:105,0
DA:106,0
DA:108,0
DA:109,0
DA:117,2
DA:118,0
DA:119,0
DA:120,0
DA:126,0
DA:132,0
DA:133,0
DA:141,0
DA:142,0
DA:143,0
DA:144,0
DA:146,0
DA:149,0
DA:150,0
DA:158,0
DA:159,0
DA:163,0
DA:164,0
LF:56
LH:21
BRDA:20,0,0,2
BRDA:20,0,1,0
BRDA:119,1,0,0
BRDA:119,1,1,0
BRF:4
BRH:1
end_of_record
